<?xml version="1.0" encoding="UTF-8"?>
<!-- Generated by org.testng.reporters.JUnitReportReporter -->
<testsuite hostname="LIN-5CG1048W1B" failures="0" tests="1" name="programs.ExtentReport" time="6.699" errors="0" timestamp="2024-03-13T16:52:34 IST" skipped="0">
  <testcase classname="programs.ExtentReport" name="f" time="6.699"/>
</testsuite> <!-- programs.ExtentReport -->
